<?xml version="1.0" encoding="UTF-8"?>
<!-- Generated by org.testng.reporters.JUnitReportReporter -->
<testsuite skipped="0" hostname="DESKTOP-D5QA7EK" name="test.API.Automation.TC_001_getMethod" tests="1" failures="0" timestamp="26 Jun 2018 18:23:11 GMT" time="4.449" errors="0">
  <testcase name="TC_001_getMethod_validation" time="4.449" classname="test.API.Automation.TC_001_getMethod"/>
</testsuite> <!-- test.API.Automation.TC_001_getMethod -->
